===================================
SERVER HEALTH REPORT
Generated On: Tue Jun  9 22:52:21 IST 2026
===================================

DISK USAGE
Filesystem                                       Size  Used Avail Use% Mounted on
C:/Users/STA-MADH-47/AppData/Local/Programs/Git  475G  108G  368G  23% /

RUNNING PROCESSES

Image Name                     PID Session Name        Session#    Mem Usage
========================= ======== ================ =========== ============
System Idle Process              0 Services                   0          8 K
System                           4 Services                   0      6,156 K
Secure System                  188 Services                   0     66,760 K
Registry                       232 Services                   0     39,988 K
smss.exe                       784 Services                   0        736 K
csrss.exe                     1248 Services                   0      3,644 K
wininit.exe                   1336 Services                   0      4,588 K
services.exe                  1484 Services                   0      8,112 K
LsaIso.exe                    1504 Services                   0      1,608 K
lsass.exe                     1512 Services                   0     22,944 K
svchost.exe                   1660 Services                   0     40,916 K
WUDFHost.exe                  1688 Services                   0      2,260 K
fontdrvhost.exe               1720 Services                   0      1,700 K
svchost.exe                   1832 Services                   0     17,140 K
svchost.exe                   1888 Services                   0      6,348 K
WUDFCompanionHost.exe         1928 Services                   0      1,596 K
svchost.exe                    644 Services                   0      1,868 K
svchost.exe                   1432 Services                   0      9,516 K
svchost.exe                   1536 Services                   0      1,568 K
svchost.exe                   1676 Services                   0      4,744 K
svchost.exe                   2172 Services                   0      7,040 K
svchost.exe                   2216 Services                   0      5,632 K
svchost.exe                   2244 Services                   0     11,044 K
svchost.exe                   2256 Services                   0      6,392 K
svchost.exe                   2268 Services                   0      7,300 K
svchost.exe                   2276 Services                   0      7,560 K
svchost.exe                   2444 Services                   0      5,544 K
svchost.exe                   2476 Services                   0     10,788 K
svchost.exe                   2492 Services                   0      2,288 K
svchost.exe                   2544 Services                   0      5,648 K
svchost.exe                   2580 Services                   0      3,292 K
svchost.exe                   2616 Services                   0     17,748 K
svchost.exe                   2868 Services                   0      8,340 K
svchost.exe                   3236 Services                   0     15,336 K
svchost.exe                   3296 Services                   0     10,564 K
vmms.exe                      3356 Services                   0     23,028 K
svchost.exe                   3416 Services                   0      4,512 K
svchost.exe                   3492 Services                   0     16,592 K
svchost.exe                   3500 Services                   0     17,356 K
svchost.exe                   3556 Services                   0      5,300 K
svchost.exe                   3564 Services                   0      2,180 K
svchost.exe                   3572 Services                   0     19,232 K
Memory Compression            3692 Services                   0  1,022,108 K
svchost.exe                   3720 Services                   0      4,580 K
svchost.exe                   3744 Services                   0      6,456 K
svchost.exe                   3840 Services                   0      3,984 K
svchost.exe                   3860 Services                   0      5,276 K
WUDFHost.exe                  3968 Services                   0     12,708 K
svchost.exe                   4040 Services                   0     12,548 K
svchost.exe                   4072 Services                   0      4,436 K
svchost.exe                   2772 Services                   0      4,392 K
WUDFHost.exe                  4120 Services                   0      7,948 K
svchost.exe                   4132 Services                   0      7,284 K
svchost.exe                   4140 Services                   0     22,796 K
svchost.exe                   4348 Services                   0     15,732 K
svchost.exe                   4400 Services                   0      9,840 K
spoolsv.exe                   4588 Services                   0      7,824 K
WUDFHost.exe                  4756 Services                   0      3,152 K
vmcompute.exe                 4800 Services                   0     12,424 K
svchost.exe                   4812 Services                   0      3,660 K
svchost.exe                   4848 Services                   0     17,652 K
svchost.exe                   4964 Services                   0     40,744 K
svchost.exe                   4976 Services                   0     34,940 K
focalRpcServer.exe            4988 Services                   0      2,408 K
DiracAudSrv.exe               4996 Services                   0      3,600 K
OneApp.IGCC.WinService.ex     5012 Services                   0     10,220 K
IgoAudioService_x64.exe       5024 Services                   0      3,108 K
ipfsvc.exe                    5060 Services                   0      2,136 K
jhi_service.exe               5128 Services                   0      1,940 K
IntelAudioService.exe         5140 Services                   0      5,168 K
ipf_uf.exe                    5148 Services                   0      3,784 K
svchost.exe                   5196 Services                   0      7,848 K
RstMwService.exe              5204 Services                   0      2,960 K
svchost.exe                   5212 Services                   0      4,476 K
RtkAudUService64.exe          5252 Services                   0      6,148 K
svchost.exe                   5412 Services                   0      2,108 K
WMIRegistrationService.ex     5460 Services                   0      2,152 K
svchost.exe                   5504 Services                   0     17,540 K
svchost.exe                   5860 Services                   0      5,248 K
svchost.exe                   6420 Services                   0      3,748 K
svchost.exe                   3288 Services                   0      5,788 K
iGoSwServer.exe               7540 Services                   0      1,768 K
WUDFCompanionHost.exe         7620 Services                   0      1,124 K
svchost.exe                   3920 Services                   0     21,720 K
svchost.exe                   7932 Services                   0      2,552 K
AggregatorHost.exe            1616 Services                   0      5,964 K
svchost.exe                   8016 Services                   0      5,688 K
svchost.exe                   7960 Services                   0      3,544 K
svchost.exe                   4232 Services                   0      8,200 K
svchost.exe                   8408 Services                   0     21,492 K
svchost.exe                   9692 Services                   0     10,064 K
svchost.exe                   6108 Services                   0     15,468 K
svchost.exe                   8220 Services                   0     12,532 K
svchost.exe                   2896 Services                   0     17,276 K
svchost.exe                   7000 Services                   0     26,924 K
SecurityHealthService.exe    14916 Services                   0     18,680 K
svchost.exe                  15320 Services                   0      4,696 K
SearchIndexer.exe             7840 Services                   0     34,560 K
svchost.exe                  12284 Services                   0      9,796 K
svchost.exe                  14756 Services                   0     21,524 K
svchost.exe                  12192 Services                   0      5,984 K
svchost.exe                  14744 Services                   0      9,604 K
svchost.exe                  13216 Services                   0      5,928 K
svchost.exe                  12844 Services                   0     40,280 K
svchost.exe                   2120 Services                   0      7,240 K
svchost.exe                   2092 Services                   0     25,136 K
svchost.exe                   9348 Services                   0      1,964 K
svchost.exe                  14864 Services                   0      6,856 K
svchost.exe                   3004 Services                   0      2,332 K
svchost.exe                  12572 Services                   0     13,284 K
svchost.exe                  11340 Services                   0      3,436 K
AsusPTPService.exe            6092 Services                   0      3,856 K
MorphoChaining.exe            7936 Services                   0      1,480 K
MpDefenderCoreService.exe    10392 Services                   0     21,080 K
MsMpEng.exe                   9964 Services                   0    194,804 K
NisSrv.exe                   15628 Services                   0      4,944 K
svchost.exe                  16168 Services                   0      2,904 K
AsusOptimization.exe          9136 Services                   0      5,224 K
AsusAppService.exe           17148 Services                   0     20,460 K
svchost.exe                   1356 Services                   0      2,276 K
wlanext.exe                  18340 Services                   0      2,708 K
svchost.exe                  16240 Services                   0      5,096 K
mysqld.exe                   14972 Services                   0      3,776 K
mysqld.exe                   24956 Services                   0      6,220 K
conhost.exe                  24168 Services                   0      2,328 K
svchost.exe                  21784 Services                   0      5,428 K
svchost.exe                  25348 Services                   0      3,532 K
WaaSMedicAgent.exe            6164 Services                   0      2,452 K
conhost.exe                  12680 Services                   0      1,592 K
csrss.exe                    19000 Console                   11      7,052 K
winlogon.exe                 25644 Console                   11     14,592 K
fontdrvhost.exe               6796 Console                   11      5,040 K
dwm.exe                      22176 Console                   11    118,672 K
DiracAudSrv.exe               7876 Console                   11      8,608 K
ipf_helper.exe               22340 Console                   11      6,056 K
conhost.exe                  12820 Console                   11      7,988 K
AsusOptimizationStartupTa     9248 Console                   11      6,504 K
sihost.exe                   24508 Console                   11     41,384 K
taskhostw.exe                24060 Console                   11     24,672 K
svchost.exe                   5776 Console                   11     17,068 K
svchost.exe                   9296 Console                   11      6,536 K
svchost.exe                  16268 Console                   11     32,916 K
taskhostw.exe                22580 Console                   11     18,112 K
iGoSwServer.exe               6512 Console                   11      5,968 K
explorer.exe                 13272 Console                   11    365,672 K
CrossDeviceResume.exe        14484 Console                   11     43,436 K
svchost.exe                  13388 Console                   11     23,116 K
StartMenuExperienceHost.e    18920 Console                   11    131,500 K
SearchHost.exe               25356 Console                   11    111,660 K
RuntimeBroker.exe             1388 Console                   11     54,372 K
svchost.exe                  21592 Console                   11     16,996 K
msedgewebview2.exe           14768 Console                   11     90,028 K
msedgewebview2.exe           10772 Console                   11      9,580 K
msedgewebview2.exe            8696 Console                   11     67,920 K
msedgewebview2.exe           14784 Console                   11     35,492 K
msedgewebview2.exe            4960 Console                   11     14,524 K
msedgewebview2.exe            5308 Console                   11     88,772 K
ctfmon.exe                    6888 Console                   11     26,816 K
TextInputHost.exe            13476 Console                   11     64,240 K
SecurityHealthSystray.exe    14344 Console                   11      8,368 K
RtkAudUService64.exe         20916 Console                   11      5,744 K
OneDrive.exe                 17660 Console                   11     91,484 K
svchost.exe                   3284 Console                   11     21,196 K
svchost.exe                  12212 Console                   11      8,612 K
svchost.exe                  19400 Console                   11     18,484 K
ApplicationFrameHost.exe     12404 Console                   11     47,308 K
SystemSettings.exe           14316 Console                   11      1,824 K
ShellExperienceHost.exe       8420 Console                   11     66,844 K
RuntimeBroker.exe            11808 Console                   11     20,096 K
LockApp.exe                  18332 Console                   11     91,536 K
RuntimeBroker.exe             9976 Console                   11     43,300 K
FileCoAuth.exe               16720 Console                   11     16,572 K
ShellHost.exe                19088 Console                   11     38,124 K
ccservice.exe                 7248 Services                   0     13,128 K
chrome.exe                    7088 Console                   11    260,068 K
chrome.exe                   20264 Console                   11     10,088 K
chrome.exe                   20504 Console                   11    218,796 K
chrome.exe                   12116 Console                   11     60,012 K
chrome.exe                   19396 Console                   11     21,416 K
chrome.exe                     864 Console                   11     23,328 K
chrome.exe                   20680 Console                   11     43,160 K
dllhost.exe                  22228 Console                   11     12,752 K
chrome.exe                   15316 Console                   11    129,008 K
chrome.exe                   16924 Console                   11    100,048 K
chrome.exe                   16000 Console                   11     98,584 K
RtkUWP_RS5.exe                6532 Console                   11     66,156 K
RuntimeBroker.exe            13832 Console                   11     13,444 K
chrome.exe                   12588 Console                   11    233,400 K
msedge.exe                   21516 Console                   11    185,588 K
msedge.exe                   19128 Console                   11     12,852 K
msedge.exe                   23028 Console                   11     71,816 K
msedge.exe                   22064 Console                   11     46,184 K
msedge.exe                   19164 Console                   11     19,560 K
msedge.exe                   11424 Console                   11      8,308 K
git-bash.exe                 21052 Console                   11      7,792 K
mintty.exe                    9624 Console                   11     28,288 K
conhost.exe                  24440 Console                   11     10,032 K
bash.exe                     13208 Console                   11     12,356 K
Docker Desktop.exe            4332 Console                   11     11,068 K
com.docker.backend.exe       13256 Console                   11     62,820 K
conhost.exe                  11300 Console                   11      7,836 K
com.docker.backend.exe       25772 Console                   11    261,352 K
Docker Desktop.exe           10976 Console                   11    126,548 K
com.docker.build.exe          8996 Console                   11     32,032 K
docker-sandbox.exe            4272 Console                   11     17,016 K
Docker Desktop.exe            6856 Console                   11     86,788 K
Docker Desktop.exe           22268 Console                   11     53,936 K
msedge.exe                   18416 Console                   11      7,920 K
msedge.exe                    5300 Console                   11      7,896 K
msedge.exe                    9660 Console                   11     44,456 K
msedge.exe                    6884 Console                   11     21,052 K
msedge.exe                   13052 Console                   11     51,516 K
msedge.exe                   25024 Console                   11     29,192 K
RuntimeBroker.exe            11640 Console                   11     28,788 K
msedge.exe                    5396 Console                   11     27,896 K
docker-agent.exe             23276 Console                   11     45,672 K
wslservice.exe               10604 Services                   0     32,456 K
vmwp.exe                     26276 Services                   0     22,532 K
vmmemWSL                     15644 Services                   0    273,788 K
dllhost.exe                  20844 Console                   11     10,444 K
dllhost.exe                  12872 Console                   11     11,160 K
wslrelay.exe                 21308 Console                   11     11,432 K
wsl.exe                      19140 Console                   11      8,396 K
wsl.exe                      13872 Console                   11      8,404 K
wsl.exe                       2564 Console                   11     12,800 K
wsl.exe                       6680 Console                   11     12,832 K
wslhost.exe                  22708 Console                   11     13,444 K
conhost.exe                  17048 Console                   11      9,984 K
wslhost.exe                  12204 Console                   11     12,080 K
wslhost.exe                  14588 Console                   11     11,956 K
conhost.exe                   5820 Console                   11      9,996 K
wslhost.exe                    892 Console                   11     12,144 K
conhost.exe                  16660 Console                   11      9,984 K
conhost.exe                  25132 Console                   11      9,964 K
OneDrive.Sync.Service.exe    16648 Console                   11     14,060 K
chrome.exe                   23684 Console                   11    489,936 K
chrome.exe                   24484 Console                   11    384,224 K
Widgets.exe                  12472 Console                   11     67,176 K
WidgetService.exe             8948 Console                   11     26,724 K
chrome.exe                   11172 Console                   11     47,732 K
msedgewebview2.exe           20896 Console                   11      8,216 K
msedgewebview2.exe           18968 Console                   11     16,256 K
msedgewebview2.exe           14836 Console                   11      8,112 K
msedgewebview2.exe           18260 Console                   11      2,036 K
msedgewebview2.exe           21728 Console                   11        120 K
msedgewebview2.exe           23572 Console                   11      1,100 K
cceventapp.exe                4596 Console                   11     34,152 K
msrdc.exe                     9924 Console                   11     44,308 K
chrome.exe                    2728 Console                   11     68,740 K
svchost.exe                  17336 Services                   0     10,480 K
SearchProtocolHost.exe       11720 Services                   0     19,968 K
chrome.exe                    8212 Console                   11     33,672 K
bash.exe                      8816 Console                   11     11,188 K
bash.exe                      7976 Console                   11      9,040 K
conhost.exe                   8736 Console                   11      8,936 K
tasklist.exe                 21780 Console                   11     12,456 K
WmiPrvSE.exe                 24984 Services                   0     14,884 K

SYSTEM INFORMATION

HEALTH CHECK COMPLETED

===================================
SERVER HEALTH REPORT
Generated On: Tue Jun  9 22:54:15 IST 2026
===================================

DISK USAGE
Filesystem                                       Size  Used Avail Use% Mounted on
C:/Users/STA-MADH-47/AppData/Local/Programs/Git  475G  108G  368G  23% /

RUNNING PROCESSES

Image Name                     PID Session Name        Session#    Mem Usage
========================= ======== ================ =========== ============
System Idle Process              0 Services                   0          8 K
System                           4 Services                   0      6,156 K
Secure System                  188 Services                   0     66,760 K
Registry                       232 Services                   0     40,536 K
smss.exe                       784 Services                   0        736 K
csrss.exe                     1248 Services                   0      3,652 K
wininit.exe                   1336 Services                   0      4,588 K
services.exe                  1484 Services                   0      8,052 K
LsaIso.exe                    1504 Services                   0      1,808 K
lsass.exe                     1512 Services                   0     22,928 K
svchost.exe                   1660 Services                   0     41,172 K
WUDFHost.exe                  1688 Services                   0      2,260 K
fontdrvhost.exe               1720 Services                   0      1,700 K
svchost.exe                   1832 Services                   0     17,344 K
svchost.exe                   1888 Services                   0      6,468 K
WUDFCompanionHost.exe         1928 Services                   0      1,596 K
svchost.exe                    644 Services                   0      1,868 K
svchost.exe                   1432 Services                   0      9,524 K
svchost.exe                   1536 Services                   0      1,552 K
svchost.exe                   1676 Services                   0      4,640 K
svchost.exe                   2172 Services                   0      7,024 K
svchost.exe                   2216 Services                   0      5,624 K
svchost.exe                   2244 Services                   0     11,160 K
svchost.exe                   2256 Services                   0      6,464 K
svchost.exe                   2268 Services                   0      7,304 K
svchost.exe                   2276 Services                   0      7,564 K
svchost.exe                   2444 Services                   0      5,540 K
svchost.exe                   2476 Services                   0     10,780 K
svchost.exe                   2492 Services                   0      2,272 K
svchost.exe                   2544 Services                   0      5,616 K
svchost.exe                   2580 Services                   0      3,332 K
svchost.exe                   2616 Services                   0     17,752 K
svchost.exe                   2868 Services                   0      8,336 K
svchost.exe                   3236 Services                   0     17,260 K
svchost.exe                   3296 Services                   0     10,564 K
vmms.exe                      3356 Services                   0     23,028 K
svchost.exe                   3416 Services                   0      4,496 K
svchost.exe                   3492 Services                   0     16,952 K
svchost.exe                   3500 Services                   0     17,332 K
svchost.exe                   3556 Services                   0      5,276 K
svchost.exe                   3564 Services                   0      2,180 K
svchost.exe                   3572 Services                   0     19,120 K
Memory Compression            3692 Services                   0  1,010,140 K
svchost.exe                   3720 Services                   0      4,556 K
svchost.exe                   3744 Services                   0      6,460 K
svchost.exe                   3840 Services                   0      3,956 K
svchost.exe                   3860 Services                   0      5,500 K
WUDFHost.exe                  3968 Services                   0     12,708 K
svchost.exe                   4040 Services                   0     12,496 K
svchost.exe                   4072 Services                   0      4,436 K
svchost.exe                   2772 Services                   0      4,376 K
WUDFHost.exe                  4120 Services                   0      7,948 K
svchost.exe                   4132 Services                   0      7,304 K
svchost.exe                   4140 Services                   0     23,492 K
svchost.exe                   4348 Services                   0     15,676 K
svchost.exe                   4400 Services                   0      9,816 K
spoolsv.exe                   4588 Services                   0      7,824 K
WUDFHost.exe                  4756 Services                   0      3,152 K
vmcompute.exe                 4800 Services                   0     12,424 K
svchost.exe                   4812 Services                   0      3,748 K
svchost.exe                   4848 Services                   0     17,600 K
svchost.exe                   4964 Services                   0     40,648 K
svchost.exe                   4976 Services                   0     35,508 K
focalRpcServer.exe            4988 Services                   0      2,408 K
DiracAudSrv.exe               4996 Services                   0      3,600 K
OneApp.IGCC.WinService.ex     5012 Services                   0     10,200 K
IgoAudioService_x64.exe       5024 Services                   0      3,108 K
ipfsvc.exe                    5060 Services                   0      2,136 K
jhi_service.exe               5128 Services                   0      1,940 K
IntelAudioService.exe         5140 Services                   0      5,168 K
ipf_uf.exe                    5148 Services                   0      3,744 K
svchost.exe                   5196 Services                   0      7,844 K
RstMwService.exe              5204 Services                   0      2,960 K
svchost.exe                   5212 Services                   0      4,464 K
RtkAudUService64.exe          5252 Services                   0      6,148 K
svchost.exe                   5412 Services                   0      2,164 K
WMIRegistrationService.ex     5460 Services                   0      2,152 K
svchost.exe                   5504 Services                   0     17,540 K
svchost.exe                   5860 Services                   0      5,304 K
svchost.exe                   6420 Services                   0      3,724 K
svchost.exe                   3288 Services                   0      5,744 K
iGoSwServer.exe               7540 Services                   0      1,768 K
WUDFCompanionHost.exe         7620 Services                   0      1,124 K
svchost.exe                   3920 Services                   0     21,588 K
svchost.exe                   7932 Services                   0      2,532 K
AggregatorHost.exe            1616 Services                   0      5,964 K
svchost.exe                   8016 Services                   0      5,672 K
svchost.exe                   7960 Services                   0      3,504 K
svchost.exe                   4232 Services                   0      8,176 K
svchost.exe                   8408 Services                   0     21,332 K
svchost.exe                   9692 Services                   0     10,052 K
svchost.exe                   6108 Services                   0     15,580 K
svchost.exe                   8220 Services                   0     12,532 K
svchost.exe                   2896 Services                   0     17,892 K
svchost.exe                   7000 Services                   0     27,152 K
SecurityHealthService.exe    14916 Services                   0     18,676 K
svchost.exe                  15320 Services                   0      4,680 K
SearchIndexer.exe             7840 Services                   0     34,864 K
svchost.exe                  12284 Services                   0      9,772 K
svchost.exe                  14756 Services                   0     21,636 K
svchost.exe                  12192 Services                   0      5,980 K
svchost.exe                  14744 Services                   0      9,604 K
svchost.exe                  13216 Services                   0      5,928 K
svchost.exe                  12844 Services                   0     40,956 K
svchost.exe                   2120 Services                   0      7,240 K
svchost.exe                   2092 Services                   0     25,132 K
svchost.exe                   9348 Services                   0      1,964 K
svchost.exe                  14864 Services                   0      6,860 K
svchost.exe                   3004 Services                   0      2,332 K
svchost.exe                  12572 Services                   0     13,256 K
svchost.exe                  11340 Services                   0      3,416 K
AsusPTPService.exe            6092 Services                   0      3,856 K
MorphoChaining.exe            7936 Services                   0      1,480 K
MpDefenderCoreService.exe    10392 Services                   0     21,080 K
MsMpEng.exe                   9964 Services                   0    209,292 K
NisSrv.exe                   15628 Services                   0      4,944 K
svchost.exe                  16168 Services                   0      2,880 K
AsusOptimization.exe          9136 Services                   0      5,228 K
AsusAppService.exe           17148 Services                   0     20,460 K
svchost.exe                   1356 Services                   0      2,644 K
wlanext.exe                  18340 Services                   0      2,688 K
svchost.exe                  16240 Services                   0      5,096 K
mysqld.exe                   14972 Services                   0      3,776 K
mysqld.exe                   24956 Services                   0      6,220 K
conhost.exe                  24168 Services                   0      2,328 K
svchost.exe                  21784 Services                   0      5,544 K
svchost.exe                  25348 Services                   0      3,532 K
WaaSMedicAgent.exe            6164 Services                   0      2,452 K
conhost.exe                  12680 Services                   0      1,592 K
csrss.exe                    19000 Console                   11      7,032 K
winlogon.exe                 25644 Console                   11     14,592 K
fontdrvhost.exe               6796 Console                   11      5,064 K
dwm.exe                      22176 Console                   11    120,580 K
DiracAudSrv.exe               7876 Console                   11      8,608 K
ipf_helper.exe               22340 Console                   11      6,056 K
conhost.exe                  12820 Console                   11      7,988 K
AsusOptimizationStartupTa     9248 Console                   11      6,504 K
sihost.exe                   24508 Console                   11     41,572 K
taskhostw.exe                24060 Console                   11     24,680 K
svchost.exe                   5776 Console                   11     17,064 K
svchost.exe                   9296 Console                   11      6,532 K
svchost.exe                  16268 Console                   11     32,864 K
taskhostw.exe                22580 Console                   11     18,236 K
iGoSwServer.exe               6512 Console                   11      5,972 K
explorer.exe                 13272 Console                   11    369,804 K
CrossDeviceResume.exe        14484 Console                   11     43,436 K
svchost.exe                  13388 Console                   11     23,280 K
StartMenuExperienceHost.e    18920 Console                   11    131,528 K
SearchHost.exe               25356 Console                   11    111,648 K
RuntimeBroker.exe             1388 Console                   11     54,420 K
svchost.exe                  21592 Console                   11     16,976 K
msedgewebview2.exe           14768 Console                   11     89,996 K
msedgewebview2.exe           10772 Console                   11      9,580 K
msedgewebview2.exe            8696 Console                   11     67,920 K
msedgewebview2.exe           14784 Console                   11     35,500 K
msedgewebview2.exe            4960 Console                   11     14,524 K
msedgewebview2.exe            5308 Console                   11     88,768 K
ctfmon.exe                    6888 Console                   11     26,876 K
TextInputHost.exe            13476 Console                   11     64,216 K
SecurityHealthSystray.exe    14344 Console                   11      8,376 K
RtkAudUService64.exe         20916 Console                   11      5,752 K
OneDrive.exe                 17660 Console                   11     91,508 K
svchost.exe                   3284 Console                   11     21,208 K
svchost.exe                  12212 Console                   11      8,612 K
svchost.exe                  19400 Console                   11     18,484 K
ApplicationFrameHost.exe     12404 Console                   11     47,308 K
SystemSettings.exe           14316 Console                   11      1,828 K
ShellExperienceHost.exe       8420 Console                   11     66,848 K
RuntimeBroker.exe            11808 Console                   11     20,072 K
LockApp.exe                  18332 Console                   11     91,540 K
RuntimeBroker.exe             9976 Console                   11     43,300 K
FileCoAuth.exe               16720 Console                   11     16,580 K
ShellHost.exe                19088 Console                   11     38,124 K
ccservice.exe                 7248 Services                   0     13,128 K
chrome.exe                    7088 Console                   11    260,260 K
chrome.exe                   20264 Console                   11     10,068 K
chrome.exe                   20504 Console                   11    288,176 K
chrome.exe                   12116 Console                   11     60,040 K
chrome.exe                   19396 Console                   11     21,432 K
chrome.exe                     864 Console                   11     23,328 K
chrome.exe                   20680 Console                   11     43,160 K
dllhost.exe                  22228 Console                   11     12,760 K
chrome.exe                   15316 Console                   11    129,008 K
chrome.exe                   16924 Console                   11    100,048 K
chrome.exe                   16000 Console                   11     98,584 K
RtkUWP_RS5.exe                6532 Console                   11     66,164 K
RuntimeBroker.exe            13832 Console                   11     13,440 K
chrome.exe                   12588 Console                   11    233,524 K
msedge.exe                   21516 Console                   11    185,564 K
msedge.exe                   19128 Console                   11     12,852 K
msedge.exe                   23028 Console                   11     71,856 K
msedge.exe                   22064 Console                   11     46,188 K
msedge.exe                   19164 Console                   11     19,560 K
msedge.exe                   11424 Console                   11      8,304 K
git-bash.exe                 21052 Console                   11      7,800 K
mintty.exe                    9624 Console                   11     28,268 K
conhost.exe                  24440 Console                   11     10,032 K
bash.exe                     13208 Console                   11     12,356 K
Docker Desktop.exe            4332 Console                   11     11,068 K
com.docker.backend.exe       13256 Console                   11     62,840 K
conhost.exe                  11300 Console                   11      7,836 K
com.docker.backend.exe       25772 Console                   11    261,392 K
Docker Desktop.exe           10976 Console                   11    127,208 K
com.docker.build.exe          8996 Console                   11     32,064 K
docker-sandbox.exe            4272 Console                   11     17,024 K
Docker Desktop.exe            6856 Console                   11     86,784 K
Docker Desktop.exe           22268 Console                   11     53,940 K
msedge.exe                   18416 Console                   11      7,924 K
msedge.exe                    5300 Console                   11      7,900 K
msedge.exe                    9660 Console                   11     44,456 K
msedge.exe                    6884 Console                   11     21,052 K
msedge.exe                   13052 Console                   11     51,520 K
msedge.exe                   25024 Console                   11     29,160 K
RuntimeBroker.exe            11640 Console                   11     28,784 K
msedge.exe                    5396 Console                   11     27,900 K
docker-agent.exe             23276 Console                   11     45,716 K
wslservice.exe               10604 Services                   0     32,456 K
vmwp.exe                     26276 Services                   0     22,500 K
vmmemWSL                     15644 Services                   0    273,960 K
dllhost.exe                  20844 Console                   11     10,452 K
dllhost.exe                  12872 Console                   11     11,168 K
wslrelay.exe                 21308 Console                   11     11,440 K
wsl.exe                      19140 Console                   11      8,404 K
wsl.exe                      13872 Console                   11      8,412 K
wsl.exe                       2564 Console                   11     12,800 K
wsl.exe                       6680 Console                   11     12,840 K
wslhost.exe                  22708 Console                   11     13,452 K
conhost.exe                  17048 Console                   11      9,992 K
wslhost.exe                  12204 Console                   11     12,088 K
wslhost.exe                  14588 Console                   11     11,964 K
conhost.exe                   5820 Console                   11     10,004 K
wslhost.exe                    892 Console                   11     12,152 K
conhost.exe                  16660 Console                   11      9,992 K
conhost.exe                  25132 Console                   11      9,972 K
OneDrive.Sync.Service.exe    16648 Console                   11     14,048 K
chrome.exe                   23684 Console                   11    487,020 K
chrome.exe                   24484 Console                   11    369,636 K
Widgets.exe                  12472 Console                   11     67,192 K
WidgetService.exe             8948 Console                   11     26,704 K
chrome.exe                   11172 Console                   11     47,732 K
msedgewebview2.exe           20896 Console                   11      8,208 K
msedgewebview2.exe           18968 Console                   11     16,256 K
msedgewebview2.exe           14836 Console                   11      8,116 K
msedgewebview2.exe           18260 Console                   11      2,028 K
msedgewebview2.exe           21728 Console                   11        128 K
msedgewebview2.exe           23572 Console                   11      1,100 K
cceventapp.exe                4596 Console                   11     34,164 K
msrdc.exe                     9924 Console                   11     44,392 K
chrome.exe                    2728 Console                   11     69,672 K
chrome.exe                    8212 Console                   11     33,696 K
TrustedInstaller.exe         24684 Services                   0     10,376 K
TiWorker.exe                 10304 Services                   0     18,792 K
smartscreen.exe              10212 Console                   11     13,512 K
SearchProtocolHost.exe        9972 Services                   0     20,312 K
bash.exe                      7408 Console                   11     11,180 K
bash.exe                     19892 Console                   11      9,032 K
conhost.exe                  26272 Console                   11      8,928 K
tasklist.exe                  2856 Console                   11     12,452 K
WmiPrvSE.exe                 25528 Services                   0     14,912 K

HEALTH CHECK COMPLETED

